2025-10-02T10:21:16.851+09:00  INFO 2824 --- [sboard] [restartedMain] kr.co.sboard.SboardApplication           : Starting SboardApplication v0.0.5-SNAPSHOT using Java 21.0.8 with PID 2824 (C:\Users\GGG\Desktop\workspace\sboard\build\classes\java\main started by GGG in C:\Users\GGG\Desktop\workspace\sboard)
2025-10-02T10:21:16.857+09:00  INFO 2824 --- [sboard] [restartedMain] kr.co.sboard.SboardApplication           : No active profile set, falling back to 1 default profile: "default"
2025-10-02T10:21:16.901+09:00  INFO 2824 --- [sboard] [restartedMain] o.s.b.devtools.restart.ChangeableUrls    : The Class-Path manifest attribute in C:\Users\GGG\.gradle\caches\modules-2\files-2.1\com.oracle.database.jdbc\ojdbc11\23.7.0.25.01\665f52abef9122ce003b5cfc1d9d44f7302e2cfe\ojdbc11-23.7.0.25.01.jar referenced one or more files that do not exist: file:/C:/Users/GGG/.gradle/caches/modules-2/files-2.1/com.oracle.database.jdbc/ojdbc11/23.7.0.25.01/665f52abef9122ce003b5cfc1d9d44f7302e2cfe/oraclepki.jar
2025-10-02T10:21:16.902+09:00  INFO 2824 --- [sboard] [restartedMain] .e.DevToolsPropertyDefaultsPostProcessor : Devtools property defaults active! Set 'spring.devtools.add-properties' to 'false' to disable
2025-10-02T10:21:16.902+09:00  INFO 2824 --- [sboard] [restartedMain] .e.DevToolsPropertyDefaultsPostProcessor : For additional web related logging consider setting the 'logging.level.web' property to 'DEBUG'
2025-10-02T10:21:17.648+09:00  INFO 2824 --- [sboard] [restartedMain] .s.d.r.c.RepositoryConfigurationDelegate : Bootstrapping Spring Data JPA repositories in DEFAULT mode.
2025-10-02T10:21:17.714+09:00  INFO 2824 --- [sboard] [restartedMain] .s.d.r.c.RepositoryConfigurationDelegate : Finished Spring Data repository scanning in 55 ms. Found 4 JPA repository interfaces.
2025-10-02T10:21:18.336+09:00  INFO 2824 --- [sboard] [restartedMain] o.s.b.w.embedded.tomcat.TomcatWebServer  : Tomcat initialized with port 8080 (http)
2025-10-02T10:21:18.351+09:00  INFO 2824 --- [sboard] [restartedMain] o.apache.catalina.core.StandardService   : Starting service [Tomcat]
2025-10-02T10:21:18.351+09:00  INFO 2824 --- [sboard] [restartedMain] o.apache.catalina.core.StandardEngine    : Starting Servlet engine: [Apache Tomcat/10.1.46]
2025-10-02T10:21:18.401+09:00  INFO 2824 --- [sboard] [restartedMain] o.a.c.c.C.[.[localhost].[/sboard]        : Initializing Spring embedded WebApplicationContext
2025-10-02T10:21:18.401+09:00  INFO 2824 --- [sboard] [restartedMain] w.s.c.ServletWebServerApplicationContext : Root WebApplicationContext: initialization completed in 1498 ms
2025-10-02T10:21:18.636+09:00  INFO 2824 --- [sboard] [restartedMain] o.hibernate.jpa.internal.util.LogHelper  : HHH000204: Processing PersistenceUnitInfo [name: default]
2025-10-02T10:21:18.716+09:00  INFO 2824 --- [sboard] [restartedMain] org.hibernate.Version                    : HHH000412: Hibernate ORM core version 6.6.29.Final
2025-10-02T10:21:18.761+09:00  INFO 2824 --- [sboard] [restartedMain] o.h.c.internal.RegionFactoryInitiator    : HHH000026: Second-level cache disabled
2025-10-02T10:21:19.111+09:00  INFO 2824 --- [sboard] [restartedMain] o.s.o.j.p.SpringPersistenceUnitInfo      : No LoadTimeWeaver setup: ignoring JPA class transformer
2025-10-02T10:21:19.146+09:00  INFO 2824 --- [sboard] [restartedMain] com.zaxxer.hikari.HikariDataSource       : HikariPool-1 - Starting...
2025-10-02T10:21:19.155+09:00  WARN 2824 --- [sboard] [restartedMain] c.zaxxer.hikari.util.DriverDataSource    : Registered driver with driverClassName=oracle.jdbc.driver.OracleDriver was not found, trying direct instantiation.
2025-10-02T10:21:19.664+09:00  INFO 2824 --- [sboard] [restartedMain] com.zaxxer.hikari.pool.HikariPool        : HikariPool-1 - Added connection oracle.jdbc.driver.T4CConnection@74c56d3b
2025-10-02T10:21:19.665+09:00  INFO 2824 --- [sboard] [restartedMain] com.zaxxer.hikari.HikariDataSource       : HikariPool-1 - Start completed.
2025-10-02T10:21:20.037+09:00  INFO 2824 --- [sboard] [restartedMain] org.hibernate.orm.connections.pooling    : HHH10001005: Database info:
	Database JDBC URL [Connecting through datasource 'HikariDataSource (HikariPool-1)']
	Database driver: undefined/unknown
	Database version: 21.3
	Autocommit mode: undefined/unknown
	Isolation level: undefined/unknown
	Minimum pool size: undefined/unknown
	Maximum pool size: undefined/unknown
2025-10-02T10:21:21.035+09:00  INFO 2824 --- [sboard] [restartedMain] o.h.e.t.j.p.i.JtaPlatformInitiator       : HHH000489: No JTA platform available (set 'hibernate.transaction.jta.platform' to enable JTA platform integration)
2025-10-02T10:21:21.038+09:00  INFO 2824 --- [sboard] [restartedMain] j.LocalContainerEntityManagerFactoryBean : Initialized JPA EntityManagerFactory for persistence unit 'default'
2025-10-02T10:21:21.672+09:00  WARN 2824 --- [sboard] [restartedMain] JpaBaseConfiguration$JpaWebConfiguration : spring.jpa.open-in-view is enabled by default. Therefore, database queries may be performed during view rendering. Explicitly configure spring.jpa.open-in-view to disable this warning
2025-10-02T10:21:21.703+09:00  INFO 2824 --- [sboard] [restartedMain] r$InitializeUserDetailsManagerConfigurer : Global AuthenticationManager configured with UserDetailsService bean with name myUserDetailsService
2025-10-02T10:21:21.794+09:00  INFO 2824 --- [sboard] [restartedMain] o.s.b.a.w.s.WelcomePageHandlerMapping    : Adding welcome page template: index
2025-10-02T10:21:22.178+09:00  INFO 2824 --- [sboard] [restartedMain] o.s.b.d.a.OptionalLiveReloadServer       : LiveReload server is running on port 35729
2025-10-02T10:21:22.212+09:00  INFO 2824 --- [sboard] [restartedMain] o.s.b.w.embedded.tomcat.TomcatWebServer  : Tomcat started on port 8080 (http) with context path '/sboard'
2025-10-02T10:21:22.218+09:00  INFO 2824 --- [sboard] [restartedMain] kr.co.sboard.SboardApplication           : Started SboardApplication in 5.864 seconds (process running for 7.05)
2025-10-02T10:21:36.398+09:00  INFO 12396 --- [sboard] [Test worker] kr.co.sboard.mapper.ArticleMapperTest    : Starting ArticleMapperTest v0.0.5-SNAPSHOT using Java 21.0.8 with PID 12396 (started by GGG in C:\Users\GGG\Desktop\workspace\sboard)
2025-10-02T10:21:36.400+09:00  INFO 12396 --- [sboard] [Test worker] kr.co.sboard.mapper.ArticleMapperTest    : No active profile set, falling back to 1 default profile: "default"
2025-10-02T10:21:37.289+09:00  INFO 12396 --- [sboard] [Test worker] .s.d.r.c.RepositoryConfigurationDelegate : Bootstrapping Spring Data JPA repositories in DEFAULT mode.
2025-10-02T10:21:37.401+09:00  INFO 12396 --- [sboard] [Test worker] .s.d.r.c.RepositoryConfigurationDelegate : Finished Spring Data repository scanning in 93 ms. Found 4 JPA repository interfaces.
2025-10-02T10:21:38.259+09:00  INFO 12396 --- [sboard] [Test worker] o.hibernate.jpa.internal.util.LogHelper  : HHH000204: Processing PersistenceUnitInfo [name: default]
2025-10-02T10:21:38.342+09:00  INFO 12396 --- [sboard] [Test worker] org.hibernate.Version                    : HHH000412: Hibernate ORM core version 6.6.29.Final
2025-10-02T10:21:38.390+09:00  INFO 12396 --- [sboard] [Test worker] o.h.c.internal.RegionFactoryInitiator    : HHH000026: Second-level cache disabled
2025-10-02T10:21:38.838+09:00  INFO 12396 --- [sboard] [Test worker] o.s.o.j.p.SpringPersistenceUnitInfo      : No LoadTimeWeaver setup: ignoring JPA class transformer
2025-10-02T10:21:38.873+09:00  INFO 12396 --- [sboard] [Test worker] com.zaxxer.hikari.HikariDataSource       : HikariPool-1 - Starting...
2025-10-02T10:21:38.880+09:00  WARN 12396 --- [sboard] [Test worker] c.zaxxer.hikari.util.DriverDataSource    : Registered driver with driverClassName=oracle.jdbc.driver.OracleDriver was not found, trying direct instantiation.
2025-10-02T10:21:39.355+09:00  INFO 12396 --- [sboard] [Test worker] com.zaxxer.hikari.pool.HikariPool        : HikariPool-1 - Added connection oracle.jdbc.driver.T4CConnection@68f79b7c
2025-10-02T10:21:39.359+09:00  INFO 12396 --- [sboard] [Test worker] com.zaxxer.hikari.HikariDataSource       : HikariPool-1 - Start completed.
2025-10-02T10:21:39.746+09:00  INFO 12396 --- [sboard] [Test worker] org.hibernate.orm.connections.pooling    : HHH10001005: Database info:
	Database JDBC URL [Connecting through datasource 'HikariDataSource (HikariPool-1)']
	Database driver: undefined/unknown
	Database version: 21.3
	Autocommit mode: undefined/unknown
	Isolation level: undefined/unknown
	Minimum pool size: undefined/unknown
	Maximum pool size: undefined/unknown
2025-10-02T10:21:40.763+09:00  INFO 12396 --- [sboard] [Test worker] o.h.e.t.j.p.i.JtaPlatformInitiator       : HHH000489: No JTA platform available (set 'hibernate.transaction.jta.platform' to enable JTA platform integration)
2025-10-02T10:21:40.766+09:00  INFO 12396 --- [sboard] [Test worker] j.LocalContainerEntityManagerFactoryBean : Initialized JPA EntityManagerFactory for persistence unit 'default'
2025-10-02T10:21:41.640+09:00  WARN 12396 --- [sboard] [Test worker] JpaBaseConfiguration$JpaWebConfiguration : spring.jpa.open-in-view is enabled by default. Therefore, database queries may be performed during view rendering. Explicitly configure spring.jpa.open-in-view to disable this warning
2025-10-02T10:21:41.688+09:00  INFO 12396 --- [sboard] [Test worker] r$InitializeUserDetailsManagerConfigurer : Global AuthenticationManager configured with UserDetailsService bean with name myUserDetailsService
2025-10-02T10:21:41.816+09:00  INFO 12396 --- [sboard] [Test worker] o.s.b.a.w.s.WelcomePageHandlerMapping    : Adding welcome page template: index
2025-10-02T10:21:42.447+09:00  INFO 12396 --- [sboard] [Test worker] kr.co.sboard.mapper.ArticleMapperTest    : Started ArticleMapperTest in 6.462 seconds (process running for 7.899)
2025-10-02T10:21:43.055+09:00  INFO 12396 --- [sboard] [SpringApplicationShutdownHook] j.LocalContainerEntityManagerFactoryBean : Closing JPA EntityManagerFactory for persistence unit 'default'
2025-10-02T10:21:43.057+09:00  INFO 12396 --- [sboard] [SpringApplicationShutdownHook] com.zaxxer.hikari.HikariDataSource       : HikariPool-1 - Shutdown initiated...
2025-10-02T10:21:43.160+09:00  INFO 12396 --- [sboard] [SpringApplicationShutdownHook] com.zaxxer.hikari.HikariDataSource       : HikariPool-1 - Shutdown completed.
2025-10-02T10:34:21.128+09:00  INFO 2824 --- [sboard] [File Watcher] rtingClassPathChangeChangedEventListener : Restarting due to 31 class path changes (0 additions, 0 deletions, 31 modifications)
2025-10-02T10:34:21.132+09:00  INFO 2824 --- [sboard] [Thread-7] o.s.b.w.e.tomcat.GracefulShutdown        : Commencing graceful shutdown. Waiting for active requests to complete
2025-10-02T10:34:21.136+09:00  INFO 2824 --- [sboard] [tomcat-shutdown] o.s.b.w.e.tomcat.GracefulShutdown        : Graceful shutdown complete
2025-10-02T10:34:21.141+09:00  INFO 2824 --- [sboard] [Thread-7] j.LocalContainerEntityManagerFactoryBean : Closing JPA EntityManagerFactory for persistence unit 'default'
2025-10-02T10:34:21.143+09:00  INFO 2824 --- [sboard] [Thread-7] com.zaxxer.hikari.HikariDataSource       : HikariPool-1 - Shutdown initiated...
2025-10-02T10:34:21.246+09:00  INFO 2824 --- [sboard] [Thread-7] com.zaxxer.hikari.HikariDataSource       : HikariPool-1 - Shutdown completed.
2025-10-02T10:34:21.334+09:00  INFO 2824 --- [sboard] [restartedMain] kr.co.sboard.SboardApplication           : Starting SboardApplication v0.0.5-SNAPSHOT using Java 21.0.8 with PID 2824 (C:\Users\GGG\Desktop\workspace\sboard\build\classes\java\main started by GGG in C:\Users\GGG\Desktop\workspace\sboard)
2025-10-02T10:34:21.334+09:00  INFO 2824 --- [sboard] [restartedMain] kr.co.sboard.SboardApplication           : No active profile set, falling back to 1 default profile: "default"
2025-10-02T10:34:21.627+09:00  INFO 2824 --- [sboard] [restartedMain] .s.d.r.c.RepositoryConfigurationDelegate : Bootstrapping Spring Data JPA repositories in DEFAULT mode.
2025-10-02T10:34:21.647+09:00  INFO 2824 --- [sboard] [restartedMain] .s.d.r.c.RepositoryConfigurationDelegate : Finished Spring Data repository scanning in 19 ms. Found 4 JPA repository interfaces.
2025-10-02T10:34:21.784+09:00  INFO 2824 --- [sboard] [restartedMain] o.s.b.w.embedded.tomcat.TomcatWebServer  : Tomcat initialized with port 8080 (http)
2025-10-02T10:34:21.785+09:00  INFO 2824 --- [sboard] [restartedMain] o.apache.catalina.core.StandardService   : Starting service [Tomcat]
2025-10-02T10:34:21.786+09:00  INFO 2824 --- [sboard] [restartedMain] o.apache.catalina.core.StandardEngine    : Starting Servlet engine: [Apache Tomcat/10.1.46]
2025-10-02T10:34:21.809+09:00  INFO 2824 --- [sboard] [restartedMain] o.a.c.c.C.[.[localhost].[/sboard]        : Initializing Spring embedded WebApplicationContext
2025-10-02T10:34:21.810+09:00  INFO 2824 --- [sboard] [restartedMain] w.s.c.ServletWebServerApplicationContext : Root WebApplicationContext: initialization completed in 473 ms
2025-10-02T10:34:21.868+09:00  INFO 2824 --- [sboard] [restartedMain] o.hibernate.jpa.internal.util.LogHelper  : HHH000204: Processing PersistenceUnitInfo [name: default]
2025-10-02T10:34:21.874+09:00  INFO 2824 --- [sboard] [restartedMain] o.h.c.internal.RegionFactoryInitiator    : HHH000026: Second-level cache disabled
2025-10-02T10:34:21.886+09:00  INFO 2824 --- [sboard] [restartedMain] o.s.o.j.p.SpringPersistenceUnitInfo      : No LoadTimeWeaver setup: ignoring JPA class transformer
2025-10-02T10:34:21.888+09:00  INFO 2824 --- [sboard] [restartedMain] com.zaxxer.hikari.HikariDataSource       : HikariPool-2 - Starting...
2025-10-02T10:34:21.888+09:00  WARN 2824 --- [sboard] [restartedMain] c.zaxxer.hikari.util.DriverDataSource    : Registered driver with driverClassName=oracle.jdbc.driver.OracleDriver was not found, trying direct instantiation.
2025-10-02T10:34:22.019+09:00  INFO 2824 --- [sboard] [restartedMain] com.zaxxer.hikari.pool.HikariPool        : HikariPool-2 - Added connection oracle.jdbc.driver.T4CConnection@3d4433d7
2025-10-02T10:34:22.019+09:00  INFO 2824 --- [sboard] [restartedMain] com.zaxxer.hikari.HikariDataSource       : HikariPool-2 - Start completed.
2025-10-02T10:34:22.087+09:00  INFO 2824 --- [sboard] [restartedMain] org.hibernate.orm.connections.pooling    : HHH10001005: Database info:
	Database JDBC URL [Connecting through datasource 'HikariDataSource (HikariPool-2)']
	Database driver: undefined/unknown
	Database version: 21.3
	Autocommit mode: undefined/unknown
	Isolation level: undefined/unknown
	Minimum pool size: undefined/unknown
	Maximum pool size: undefined/unknown
2025-10-02T10:34:22.178+09:00  INFO 2824 --- [sboard] [restartedMain] o.h.e.t.j.p.i.JtaPlatformInitiator       : HHH000489: No JTA platform available (set 'hibernate.transaction.jta.platform' to enable JTA platform integration)
2025-10-02T10:34:22.178+09:00  INFO 2824 --- [sboard] [restartedMain] j.LocalContainerEntityManagerFactoryBean : Initialized JPA EntityManagerFactory for persistence unit 'default'
2025-10-02T10:34:22.339+09:00  WARN 2824 --- [sboard] [restartedMain] JpaBaseConfiguration$JpaWebConfiguration : spring.jpa.open-in-view is enabled by default. Therefore, database queries may be performed during view rendering. Explicitly configure spring.jpa.open-in-view to disable this warning
2025-10-02T10:34:22.349+09:00  INFO 2824 --- [sboard] [restartedMain] r$InitializeUserDetailsManagerConfigurer : Global AuthenticationManager configured with UserDetailsService bean with name myUserDetailsService
2025-10-02T10:34:22.361+09:00  INFO 2824 --- [sboard] [restartedMain] o.s.b.a.w.s.WelcomePageHandlerMapping    : Adding welcome page template: index
2025-10-02T10:34:22.484+09:00  INFO 2824 --- [sboard] [restartedMain] o.s.b.d.a.OptionalLiveReloadServer       : LiveReload server is running on port 35729
2025-10-02T10:34:22.496+09:00  INFO 2824 --- [sboard] [restartedMain] o.s.b.w.embedded.tomcat.TomcatWebServer  : Tomcat started on port 8080 (http) with context path '/sboard'
2025-10-02T10:34:22.499+09:00  INFO 2824 --- [sboard] [restartedMain] kr.co.sboard.SboardApplication           : Started SboardApplication in 1.201 seconds (process running for 787.332)
2025-10-02T10:34:22.501+09:00  INFO 2824 --- [sboard] [restartedMain] .ConditionEvaluationDeltaLoggingListener : Condition evaluation unchanged
2025-10-02T10:34:22.882+09:00  INFO 1604 --- [sboard] [Test worker] kr.co.sboard.mapper.ArticleMapperTest    : Starting ArticleMapperTest v0.0.5-SNAPSHOT using Java 21.0.8 with PID 1604 (started by GGG in C:\Users\GGG\Desktop\workspace\sboard)
2025-10-02T10:34:22.884+09:00  INFO 1604 --- [sboard] [Test worker] kr.co.sboard.mapper.ArticleMapperTest    : No active profile set, falling back to 1 default profile: "default"
2025-10-02T10:34:23.771+09:00  INFO 1604 --- [sboard] [Test worker] .s.d.r.c.RepositoryConfigurationDelegate : Bootstrapping Spring Data JPA repositories in DEFAULT mode.
2025-10-02T10:34:23.845+09:00  INFO 1604 --- [sboard] [Test worker] .s.d.r.c.RepositoryConfigurationDelegate : Finished Spring Data repository scanning in 61 ms. Found 4 JPA repository interfaces.
2025-10-02T10:34:24.653+09:00  INFO 1604 --- [sboard] [Test worker] o.hibernate.jpa.internal.util.LogHelper  : HHH000204: Processing PersistenceUnitInfo [name: default]
2025-10-02T10:34:24.737+09:00  INFO 1604 --- [sboard] [Test worker] org.hibernate.Version                    : HHH000412: Hibernate ORM core version 6.6.29.Final
2025-10-02T10:34:24.788+09:00  INFO 1604 --- [sboard] [Test worker] o.h.c.internal.RegionFactoryInitiator    : HHH000026: Second-level cache disabled
2025-10-02T10:34:25.193+09:00  INFO 1604 --- [sboard] [Test worker] o.s.o.j.p.SpringPersistenceUnitInfo      : No LoadTimeWeaver setup: ignoring JPA class transformer
2025-10-02T10:34:25.228+09:00  INFO 1604 --- [sboard] [Test worker] com.zaxxer.hikari.HikariDataSource       : HikariPool-1 - Starting...
2025-10-02T10:34:25.238+09:00  WARN 1604 --- [sboard] [Test worker] c.zaxxer.hikari.util.DriverDataSource    : Registered driver with driverClassName=oracle.jdbc.driver.OracleDriver was not found, trying direct instantiation.
2025-10-02T10:34:25.745+09:00  INFO 1604 --- [sboard] [Test worker] com.zaxxer.hikari.pool.HikariPool        : HikariPool-1 - Added connection oracle.jdbc.driver.T4CConnection@6968bb65
2025-10-02T10:34:25.748+09:00  INFO 1604 --- [sboard] [Test worker] com.zaxxer.hikari.HikariDataSource       : HikariPool-1 - Start completed.
2025-10-02T10:34:26.156+09:00  INFO 1604 --- [sboard] [Test worker] org.hibernate.orm.connections.pooling    : HHH10001005: Database info:
	Database JDBC URL [Connecting through datasource 'HikariDataSource (HikariPool-1)']
	Database driver: undefined/unknown
	Database version: 21.3
	Autocommit mode: undefined/unknown
	Isolation level: undefined/unknown
	Minimum pool size: undefined/unknown
	Maximum pool size: undefined/unknown
2025-10-02T10:34:27.166+09:00  INFO 1604 --- [sboard] [Test worker] o.h.e.t.j.p.i.JtaPlatformInitiator       : HHH000489: No JTA platform available (set 'hibernate.transaction.jta.platform' to enable JTA platform integration)
2025-10-02T10:34:27.170+09:00  INFO 1604 --- [sboard] [Test worker] j.LocalContainerEntityManagerFactoryBean : Initialized JPA EntityManagerFactory for persistence unit 'default'
2025-10-02T10:34:28.026+09:00  WARN 1604 --- [sboard] [Test worker] JpaBaseConfiguration$JpaWebConfiguration : spring.jpa.open-in-view is enabled by default. Therefore, database queries may be performed during view rendering. Explicitly configure spring.jpa.open-in-view to disable this warning
2025-10-02T10:34:28.073+09:00  INFO 1604 --- [sboard] [Test worker] r$InitializeUserDetailsManagerConfigurer : Global AuthenticationManager configured with UserDetailsService bean with name myUserDetailsService
2025-10-02T10:34:28.211+09:00  INFO 1604 --- [sboard] [Test worker] o.s.b.a.w.s.WelcomePageHandlerMapping    : Adding welcome page template: index
2025-10-02T10:34:28.837+09:00  INFO 1604 --- [sboard] [Test worker] kr.co.sboard.mapper.ArticleMapperTest    : Started ArticleMapperTest in 6.413 seconds (process running for 7.887)
2025-10-02T10:34:29.399+09:00  INFO 1604 --- [sboard] [SpringApplicationShutdownHook] j.LocalContainerEntityManagerFactoryBean : Closing JPA EntityManagerFactory for persistence unit 'default'
2025-10-02T10:34:29.402+09:00  INFO 1604 --- [sboard] [SpringApplicationShutdownHook] com.zaxxer.hikari.HikariDataSource       : HikariPool-1 - Shutdown initiated...
2025-10-02T10:34:29.503+09:00  INFO 1604 --- [sboard] [SpringApplicationShutdownHook] com.zaxxer.hikari.HikariDataSource       : HikariPool-1 - Shutdown completed.
2025-10-02T10:35:26.550+09:00  INFO 2824 --- [sboard] [File Watcher] rtingClassPathChangeChangedEventListener : Restarting due to 31 class path changes (0 additions, 0 deletions, 31 modifications)
2025-10-02T10:35:26.550+09:00  INFO 2824 --- [sboard] [Thread-9] o.s.b.w.e.tomcat.GracefulShutdown        : Commencing graceful shutdown. Waiting for active requests to complete
2025-10-02T10:35:26.555+09:00  INFO 2824 --- [sboard] [tomcat-shutdown] o.s.b.w.e.tomcat.GracefulShutdown        : Graceful shutdown complete
2025-10-02T10:35:26.555+09:00  INFO 2824 --- [sboard] [Thread-9] j.LocalContainerEntityManagerFactoryBean : Closing JPA EntityManagerFactory for persistence unit 'default'
2025-10-02T10:35:26.560+09:00  INFO 2824 --- [sboard] [Thread-9] com.zaxxer.hikari.HikariDataSource       : HikariPool-2 - Shutdown initiated...
2025-10-02T10:35:26.661+09:00  INFO 2824 --- [sboard] [Thread-9] com.zaxxer.hikari.HikariDataSource       : HikariPool-2 - Shutdown completed.
2025-10-02T10:35:26.740+09:00  INFO 2824 --- [sboard] [restartedMain] kr.co.sboard.SboardApplication           : Starting SboardApplication v0.0.5-SNAPSHOT using Java 21.0.8 with PID 2824 (C:\Users\GGG\Desktop\workspace\sboard\build\classes\java\main started by GGG in C:\Users\GGG\Desktop\workspace\sboard)
2025-10-02T10:35:26.740+09:00  INFO 2824 --- [sboard] [restartedMain] kr.co.sboard.SboardApplication           : No active profile set, falling back to 1 default profile: "default"
2025-10-02T10:35:26.980+09:00  INFO 2824 --- [sboard] [restartedMain] .s.d.r.c.RepositoryConfigurationDelegate : Bootstrapping Spring Data JPA repositories in DEFAULT mode.
2025-10-02T10:35:26.995+09:00  INFO 12308 --- [sboard] [Test worker] kr.co.sboard.mapper.ArticleMapperTest    : Starting ArticleMapperTest v0.0.5-SNAPSHOT using Java 21.0.8 with PID 12308 (started by GGG in C:\Users\GGG\Desktop\workspace\sboard)
2025-10-02T10:35:26.995+09:00  INFO 12308 --- [sboard] [Test worker] kr.co.sboard.mapper.ArticleMapperTest    : No active profile set, falling back to 1 default profile: "default"
2025-10-02T10:35:27.000+09:00  INFO 2824 --- [sboard] [restartedMain] .s.d.r.c.RepositoryConfigurationDelegate : Finished Spring Data repository scanning in 19 ms. Found 4 JPA repository interfaces.
2025-10-02T10:35:27.113+09:00  INFO 2824 --- [sboard] [restartedMain] o.s.b.w.embedded.tomcat.TomcatWebServer  : Tomcat initialized with port 8080 (http)
2025-10-02T10:35:27.113+09:00  INFO 2824 --- [sboard] [restartedMain] o.apache.catalina.core.StandardService   : Starting service [Tomcat]
2025-10-02T10:35:27.114+09:00  INFO 2824 --- [sboard] [restartedMain] o.apache.catalina.core.StandardEngine    : Starting Servlet engine: [Apache Tomcat/10.1.46]
2025-10-02T10:35:27.150+09:00  INFO 2824 --- [sboard] [restartedMain] o.a.c.c.C.[.[localhost].[/sboard]        : Initializing Spring embedded WebApplicationContext
2025-10-02T10:35:27.150+09:00  INFO 2824 --- [sboard] [restartedMain] w.s.c.ServletWebServerApplicationContext : Root WebApplicationContext: initialization completed in 410 ms
2025-10-02T10:35:27.189+09:00  INFO 2824 --- [sboard] [restartedMain] o.hibernate.jpa.internal.util.LogHelper  : HHH000204: Processing PersistenceUnitInfo [name: default]
2025-10-02T10:35:27.195+09:00  INFO 2824 --- [sboard] [restartedMain] o.h.c.internal.RegionFactoryInitiator    : HHH000026: Second-level cache disabled
2025-10-02T10:35:27.209+09:00  INFO 2824 --- [sboard] [restartedMain] o.s.o.j.p.SpringPersistenceUnitInfo      : No LoadTimeWeaver setup: ignoring JPA class transformer
2025-10-02T10:35:27.211+09:00  INFO 2824 --- [sboard] [restartedMain] com.zaxxer.hikari.HikariDataSource       : HikariPool-3 - Starting...
2025-10-02T10:35:27.211+09:00  WARN 2824 --- [sboard] [restartedMain] c.zaxxer.hikari.util.DriverDataSource    : Registered driver with driverClassName=oracle.jdbc.driver.OracleDriver was not found, trying direct instantiation.
2025-10-02T10:35:27.348+09:00  INFO 2824 --- [sboard] [restartedMain] com.zaxxer.hikari.pool.HikariPool        : HikariPool-3 - Added connection oracle.jdbc.driver.T4CConnection@7f32846f
2025-10-02T10:35:27.348+09:00  INFO 2824 --- [sboard] [restartedMain] com.zaxxer.hikari.HikariDataSource       : HikariPool-3 - Start completed.
2025-10-02T10:35:27.442+09:00  INFO 2824 --- [sboard] [restartedMain] org.hibernate.orm.connections.pooling    : HHH10001005: Database info:
	Database JDBC URL [Connecting through datasource 'HikariDataSource (HikariPool-3)']
	Database driver: undefined/unknown
	Database version: 21.3
	Autocommit mode: undefined/unknown
	Isolation level: undefined/unknown
	Minimum pool size: undefined/unknown
	Maximum pool size: undefined/unknown
2025-10-02T10:35:27.528+09:00  INFO 2824 --- [sboard] [restartedMain] o.h.e.t.j.p.i.JtaPlatformInitiator       : HHH000489: No JTA platform available (set 'hibernate.transaction.jta.platform' to enable JTA platform integration)
2025-10-02T10:35:27.528+09:00  INFO 2824 --- [sboard] [restartedMain] j.LocalContainerEntityManagerFactoryBean : Initialized JPA EntityManagerFactory for persistence unit 'default'
2025-10-02T10:35:27.650+09:00  WARN 2824 --- [sboard] [restartedMain] JpaBaseConfiguration$JpaWebConfiguration : spring.jpa.open-in-view is enabled by default. Therefore, database queries may be performed during view rendering. Explicitly configure spring.jpa.open-in-view to disable this warning
2025-10-02T10:35:27.659+09:00  INFO 2824 --- [sboard] [restartedMain] r$InitializeUserDetailsManagerConfigurer : Global AuthenticationManager configured with UserDetailsService bean with name myUserDetailsService
2025-10-02T10:35:27.676+09:00  INFO 2824 --- [sboard] [restartedMain] o.s.b.a.w.s.WelcomePageHandlerMapping    : Adding welcome page template: index
2025-10-02T10:35:27.796+09:00  INFO 2824 --- [sboard] [restartedMain] o.s.b.d.a.OptionalLiveReloadServer       : LiveReload server is running on port 35729
2025-10-02T10:35:27.809+09:00  INFO 2824 --- [sboard] [restartedMain] o.s.b.w.embedded.tomcat.TomcatWebServer  : Tomcat started on port 8080 (http) with context path '/sboard'
2025-10-02T10:35:27.812+09:00  INFO 2824 --- [sboard] [restartedMain] kr.co.sboard.SboardApplication           : Started SboardApplication in 1.102 seconds (process running for 852.645)
2025-10-02T10:35:27.815+09:00  INFO 2824 --- [sboard] [restartedMain] .ConditionEvaluationDeltaLoggingListener : Condition evaluation unchanged
2025-10-02T10:35:27.970+09:00  INFO 12308 --- [sboard] [Test worker] .s.d.r.c.RepositoryConfigurationDelegate : Bootstrapping Spring Data JPA repositories in DEFAULT mode.
2025-10-02T10:35:28.053+09:00  INFO 12308 --- [sboard] [Test worker] .s.d.r.c.RepositoryConfigurationDelegate : Finished Spring Data repository scanning in 67 ms. Found 4 JPA repository interfaces.
2025-10-02T10:35:28.939+09:00  INFO 12308 --- [sboard] [Test worker] o.hibernate.jpa.internal.util.LogHelper  : HHH000204: Processing PersistenceUnitInfo [name: default]
2025-10-02T10:35:29.037+09:00  INFO 12308 --- [sboard] [Test worker] org.hibernate.Version                    : HHH000412: Hibernate ORM core version 6.6.29.Final
2025-10-02T10:35:29.084+09:00  INFO 12308 --- [sboard] [Test worker] o.h.c.internal.RegionFactoryInitiator    : HHH000026: Second-level cache disabled
2025-10-02T10:35:29.514+09:00  INFO 12308 --- [sboard] [Test worker] o.s.o.j.p.SpringPersistenceUnitInfo      : No LoadTimeWeaver setup: ignoring JPA class transformer
2025-10-02T10:35:29.551+09:00  INFO 12308 --- [sboard] [Test worker] com.zaxxer.hikari.HikariDataSource       : HikariPool-1 - Starting...
2025-10-02T10:35:29.558+09:00  WARN 12308 --- [sboard] [Test worker] c.zaxxer.hikari.util.DriverDataSource    : Registered driver with driverClassName=oracle.jdbc.driver.OracleDriver was not found, trying direct instantiation.
2025-10-02T10:35:30.047+09:00  INFO 12308 --- [sboard] [Test worker] com.zaxxer.hikari.pool.HikariPool        : HikariPool-1 - Added connection oracle.jdbc.driver.T4CConnection@4d0abb23
2025-10-02T10:35:30.049+09:00  INFO 12308 --- [sboard] [Test worker] com.zaxxer.hikari.HikariDataSource       : HikariPool-1 - Start completed.
2025-10-02T10:35:30.440+09:00  INFO 12308 --- [sboard] [Test worker] org.hibernate.orm.connections.pooling    : HHH10001005: Database info:
	Database JDBC URL [Connecting through datasource 'HikariDataSource (HikariPool-1)']
	Database driver: undefined/unknown
	Database version: 21.3
	Autocommit mode: undefined/unknown
	Isolation level: undefined/unknown
	Minimum pool size: undefined/unknown
	Maximum pool size: undefined/unknown
2025-10-02T10:35:31.433+09:00  INFO 12308 --- [sboard] [Test worker] o.h.e.t.j.p.i.JtaPlatformInitiator       : HHH000489: No JTA platform available (set 'hibernate.transaction.jta.platform' to enable JTA platform integration)
2025-10-02T10:35:31.436+09:00  INFO 12308 --- [sboard] [Test worker] j.LocalContainerEntityManagerFactoryBean : Initialized JPA EntityManagerFactory for persistence unit 'default'
2025-10-02T10:35:32.305+09:00  WARN 12308 --- [sboard] [Test worker] JpaBaseConfiguration$JpaWebConfiguration : spring.jpa.open-in-view is enabled by default. Therefore, database queries may be performed during view rendering. Explicitly configure spring.jpa.open-in-view to disable this warning
2025-10-02T10:35:32.351+09:00  INFO 12308 --- [sboard] [Test worker] r$InitializeUserDetailsManagerConfigurer : Global AuthenticationManager configured with UserDetailsService bean with name myUserDetailsService
2025-10-02T10:35:32.488+09:00  INFO 12308 --- [sboard] [Test worker] o.s.b.a.w.s.WelcomePageHandlerMapping    : Adding welcome page template: index
2025-10-02T10:35:33.111+09:00  INFO 12308 --- [sboard] [Test worker] kr.co.sboard.mapper.ArticleMapperTest    : Started ArticleMapperTest in 6.551 seconds (process running for 7.972)
2025-10-02T10:35:33.679+09:00  INFO 12308 --- [sboard] [SpringApplicationShutdownHook] j.LocalContainerEntityManagerFactoryBean : Closing JPA EntityManagerFactory for persistence unit 'default'
2025-10-02T10:35:33.681+09:00  INFO 12308 --- [sboard] [SpringApplicationShutdownHook] com.zaxxer.hikari.HikariDataSource       : HikariPool-1 - Shutdown initiated...
2025-10-02T10:35:33.783+09:00  INFO 12308 --- [sboard] [SpringApplicationShutdownHook] com.zaxxer.hikari.HikariDataSource       : HikariPool-1 - Shutdown completed.
2025-10-02T10:38:03.008+09:00  INFO 2824 --- [sboard] [File Watcher] rtingClassPathChangeChangedEventListener : Restarting due to 31 class path changes (0 additions, 0 deletions, 31 modifications)
2025-10-02T10:38:03.009+09:00  INFO 2824 --- [sboard] [Thread-13] o.s.b.w.e.tomcat.GracefulShutdown        : Commencing graceful shutdown. Waiting for active requests to complete
2025-10-02T10:38:03.013+09:00  INFO 2824 --- [sboard] [tomcat-shutdown] o.s.b.w.e.tomcat.GracefulShutdown        : Graceful shutdown complete
2025-10-02T10:38:03.014+09:00  INFO 2824 --- [sboard] [Thread-13] j.LocalContainerEntityManagerFactoryBean : Closing JPA EntityManagerFactory for persistence unit 'default'
2025-10-02T10:38:03.015+09:00  INFO 2824 --- [sboard] [Thread-13] com.zaxxer.hikari.HikariDataSource       : HikariPool-3 - Shutdown initiated...
2025-10-02T10:38:03.113+09:00  INFO 2824 --- [sboard] [Thread-13] com.zaxxer.hikari.HikariDataSource       : HikariPool-3 - Shutdown completed.
2025-10-02T10:38:03.183+09:00  INFO 2824 --- [sboard] [restartedMain] kr.co.sboard.SboardApplication           : Starting SboardApplication v0.0.5-SNAPSHOT using Java 21.0.8 with PID 2824 (C:\Users\GGG\Desktop\workspace\sboard\build\classes\java\main started by GGG in C:\Users\GGG\Desktop\workspace\sboard)
2025-10-02T10:38:03.183+09:00  INFO 2824 --- [sboard] [restartedMain] kr.co.sboard.SboardApplication           : No active profile set, falling back to 1 default profile: "default"
2025-10-02T10:38:03.394+09:00  INFO 2824 --- [sboard] [restartedMain] .s.d.r.c.RepositoryConfigurationDelegate : Bootstrapping Spring Data JPA repositories in DEFAULT mode.
2025-10-02T10:38:03.413+09:00  INFO 2824 --- [sboard] [restartedMain] .s.d.r.c.RepositoryConfigurationDelegate : Finished Spring Data repository scanning in 17 ms. Found 4 JPA repository interfaces.
2025-10-02T10:38:03.504+09:00  INFO 2824 --- [sboard] [restartedMain] o.s.b.w.embedded.tomcat.TomcatWebServer  : Tomcat initialized with port 8080 (http)
2025-10-02T10:38:03.505+09:00  INFO 2824 --- [sboard] [restartedMain] o.apache.catalina.core.StandardService   : Starting service [Tomcat]
2025-10-02T10:38:03.505+09:00  INFO 2824 --- [sboard] [restartedMain] o.apache.catalina.core.StandardEngine    : Starting Servlet engine: [Apache Tomcat/10.1.46]
2025-10-02T10:38:03.541+09:00  INFO 2824 --- [sboard] [restartedMain] o.a.c.c.C.[.[localhost].[/sboard]        : Initializing Spring embedded WebApplicationContext
2025-10-02T10:38:03.541+09:00  INFO 2824 --- [sboard] [restartedMain] w.s.c.ServletWebServerApplicationContext : Root WebApplicationContext: initialization completed in 356 ms
2025-10-02T10:38:03.571+09:00  INFO 2824 --- [sboard] [restartedMain] o.hibernate.jpa.internal.util.LogHelper  : HHH000204: Processing PersistenceUnitInfo [name: default]
2025-10-02T10:38:03.576+09:00  INFO 2824 --- [sboard] [restartedMain] o.h.c.internal.RegionFactoryInitiator    : HHH000026: Second-level cache disabled
2025-10-02T10:38:03.584+09:00  INFO 2824 --- [sboard] [restartedMain] o.s.o.j.p.SpringPersistenceUnitInfo      : No LoadTimeWeaver setup: ignoring JPA class transformer
2025-10-02T10:38:03.586+09:00  INFO 2824 --- [sboard] [restartedMain] com.zaxxer.hikari.HikariDataSource       : HikariPool-4 - Starting...
2025-10-02T10:38:03.586+09:00  WARN 2824 --- [sboard] [restartedMain] c.zaxxer.hikari.util.DriverDataSource    : Registered driver with driverClassName=oracle.jdbc.driver.OracleDriver was not found, trying direct instantiation.
2025-10-02T10:38:03.713+09:00  INFO 2824 --- [sboard] [restartedMain] com.zaxxer.hikari.pool.HikariPool        : HikariPool-4 - Added connection oracle.jdbc.driver.T4CConnection@3e1f0dd1
2025-10-02T10:38:03.714+09:00  INFO 2824 --- [sboard] [restartedMain] com.zaxxer.hikari.HikariDataSource       : HikariPool-4 - Start completed.
2025-10-02T10:38:03.782+09:00  INFO 2824 --- [sboard] [restartedMain] org.hibernate.orm.connections.pooling    : HHH10001005: Database info:
	Database JDBC URL [Connecting through datasource 'HikariDataSource (HikariPool-4)']
	Database driver: undefined/unknown
	Database version: 21.3
	Autocommit mode: undefined/unknown
	Isolation level: undefined/unknown
	Minimum pool size: undefined/unknown
	Maximum pool size: undefined/unknown
2025-10-02T10:38:03.850+09:00  INFO 2824 --- [sboard] [restartedMain] o.h.e.t.j.p.i.JtaPlatformInitiator       : HHH000489: No JTA platform available (set 'hibernate.transaction.jta.platform' to enable JTA platform integration)
2025-10-02T10:38:03.850+09:00  INFO 2824 --- [sboard] [restartedMain] j.LocalContainerEntityManagerFactoryBean : Initialized JPA EntityManagerFactory for persistence unit 'default'
2025-10-02T10:38:03.969+09:00  WARN 2824 --- [sboard] [restartedMain] JpaBaseConfiguration$JpaWebConfiguration : spring.jpa.open-in-view is enabled by default. Therefore, database queries may be performed during view rendering. Explicitly configure spring.jpa.open-in-view to disable this warning
2025-10-02T10:38:03.976+09:00  INFO 2824 --- [sboard] [restartedMain] r$InitializeUserDetailsManagerConfigurer : Global AuthenticationManager configured with UserDetailsService bean with name myUserDetailsService
2025-10-02T10:38:03.988+09:00  INFO 2824 --- [sboard] [restartedMain] o.s.b.a.w.s.WelcomePageHandlerMapping    : Adding welcome page template: index
2025-10-02T10:38:04.075+09:00  INFO 2824 --- [sboard] [restartedMain] o.s.b.d.a.OptionalLiveReloadServer       : LiveReload server is running on port 35729
2025-10-02T10:38:04.089+09:00  INFO 2824 --- [sboard] [restartedMain] o.s.b.w.embedded.tomcat.TomcatWebServer  : Tomcat started on port 8080 (http) with context path '/sboard'
2025-10-02T10:38:04.092+09:00  INFO 2824 --- [sboard] [restartedMain] kr.co.sboard.SboardApplication           : Started SboardApplication in 0.935 seconds (process running for 1008.926)
2025-10-02T10:38:04.093+09:00  INFO 2824 --- [sboard] [restartedMain] .ConditionEvaluationDeltaLoggingListener : Condition evaluation unchanged
2025-10-02T10:45:16.206+09:00  INFO 2824 --- [sboard] [File Watcher] rtingClassPathChangeChangedEventListener : Restarting due to 3 class path changes (0 additions, 3 deletions, 0 modifications)
2025-10-02T10:45:16.207+09:00  INFO 2824 --- [sboard] [Thread-17] o.s.b.w.e.tomcat.GracefulShutdown        : Commencing graceful shutdown. Waiting for active requests to complete
2025-10-02T10:45:16.211+09:00  INFO 2824 --- [sboard] [tomcat-shutdown] o.s.b.w.e.tomcat.GracefulShutdown        : Graceful shutdown complete
2025-10-02T10:45:16.213+09:00  INFO 2824 --- [sboard] [Thread-17] j.LocalContainerEntityManagerFactoryBean : Closing JPA EntityManagerFactory for persistence unit 'default'
2025-10-02T10:45:16.214+09:00  INFO 2824 --- [sboard] [Thread-17] com.zaxxer.hikari.HikariDataSource       : HikariPool-4 - Shutdown initiated...
2025-10-02T10:45:16.312+09:00  INFO 2824 --- [sboard] [Thread-17] com.zaxxer.hikari.HikariDataSource       : HikariPool-4 - Shutdown completed.
2025-10-02T10:45:16.391+09:00  INFO 2824 --- [sboard] [restartedMain] kr.co.sboard.SboardApplication           : Starting SboardApplication v0.0.5-SNAPSHOT using Java 21.0.8 with PID 2824 (C:\Users\GGG\Desktop\workspace\sboard\build\classes\java\main started by GGG in C:\Users\GGG\Desktop\workspace\sboard)
2025-10-02T10:45:16.391+09:00  INFO 2824 --- [sboard] [restartedMain] kr.co.sboard.SboardApplication           : No active profile set, falling back to 1 default profile: "default"
2025-10-02T10:45:16.617+09:00  INFO 2824 --- [sboard] [restartedMain] .s.d.r.c.RepositoryConfigurationDelegate : Bootstrapping Spring Data JPA repositories in DEFAULT mode.
2025-10-02T10:45:16.636+09:00  INFO 2824 --- [sboard] [restartedMain] .s.d.r.c.RepositoryConfigurationDelegate : Finished Spring Data repository scanning in 17 ms. Found 4 JPA repository interfaces.
2025-10-02T10:45:16.740+09:00  INFO 2824 --- [sboard] [restartedMain] o.s.b.w.embedded.tomcat.TomcatWebServer  : Tomcat initialized with port 8080 (http)
2025-10-02T10:45:16.742+09:00  INFO 2824 --- [sboard] [restartedMain] o.apache.catalina.core.StandardService   : Starting service [Tomcat]
2025-10-02T10:45:16.742+09:00  INFO 2824 --- [sboard] [restartedMain] o.apache.catalina.core.StandardEngine    : Starting Servlet engine: [Apache Tomcat/10.1.46]
2025-10-02T10:45:16.773+09:00  INFO 2824 --- [sboard] [restartedMain] o.a.c.c.C.[.[localhost].[/sboard]        : Initializing Spring embedded WebApplicationContext
2025-10-02T10:45:16.774+09:00  INFO 2824 --- [sboard] [restartedMain] w.s.c.ServletWebServerApplicationContext : Root WebApplicationContext: initialization completed in 380 ms
2025-10-02T10:45:16.819+09:00  INFO 2824 --- [sboard] [restartedMain] o.hibernate.jpa.internal.util.LogHelper  : HHH000204: Processing PersistenceUnitInfo [name: default]
2025-10-02T10:45:16.824+09:00  INFO 2824 --- [sboard] [restartedMain] o.h.c.internal.RegionFactoryInitiator    : HHH000026: Second-level cache disabled
2025-10-02T10:45:16.837+09:00  INFO 2824 --- [sboard] [restartedMain] o.s.o.j.p.SpringPersistenceUnitInfo      : No LoadTimeWeaver setup: ignoring JPA class transformer
2025-10-02T10:45:16.839+09:00  INFO 2824 --- [sboard] [restartedMain] com.zaxxer.hikari.HikariDataSource       : HikariPool-5 - Starting...
2025-10-02T10:45:16.840+09:00  WARN 2824 --- [sboard] [restartedMain] c.zaxxer.hikari.util.DriverDataSource    : Registered driver with driverClassName=oracle.jdbc.driver.OracleDriver was not found, trying direct instantiation.
2025-10-02T10:45:16.977+09:00  INFO 2824 --- [sboard] [restartedMain] com.zaxxer.hikari.pool.HikariPool        : HikariPool-5 - Added connection oracle.jdbc.driver.T4CConnection@3136a599
2025-10-02T10:45:16.978+09:00  INFO 2824 --- [sboard] [restartedMain] com.zaxxer.hikari.HikariDataSource       : HikariPool-5 - Start completed.
2025-10-02T10:45:17.050+09:00  INFO 2824 --- [sboard] [restartedMain] org.hibernate.orm.connections.pooling    : HHH10001005: Database info:
	Database JDBC URL [Connecting through datasource 'HikariDataSource (HikariPool-5)']
	Database driver: undefined/unknown
	Database version: 21.3
	Autocommit mode: undefined/unknown
	Isolation level: undefined/unknown
	Minimum pool size: undefined/unknown
	Maximum pool size: undefined/unknown
2025-10-02T10:45:17.109+09:00  INFO 2824 --- [sboard] [restartedMain] o.h.e.t.j.p.i.JtaPlatformInitiator       : HHH000489: No JTA platform available (set 'hibernate.transaction.jta.platform' to enable JTA platform integration)
2025-10-02T10:45:17.109+09:00  INFO 2824 --- [sboard] [restartedMain] j.LocalContainerEntityManagerFactoryBean : Initialized JPA EntityManagerFactory for persistence unit 'default'
2025-10-02T10:45:17.221+09:00  WARN 2824 --- [sboard] [restartedMain] JpaBaseConfiguration$JpaWebConfiguration : spring.jpa.open-in-view is enabled by default. Therefore, database queries may be performed during view rendering. Explicitly configure spring.jpa.open-in-view to disable this warning
2025-10-02T10:45:17.231+09:00  INFO 2824 --- [sboard] [restartedMain] r$InitializeUserDetailsManagerConfigurer : Global AuthenticationManager configured with UserDetailsService bean with name myUserDetailsService
2025-10-02T10:45:17.246+09:00  INFO 2824 --- [sboard] [restartedMain] o.s.b.a.w.s.WelcomePageHandlerMapping    : Adding welcome page template: index
2025-10-02T10:45:17.341+09:00  INFO 2824 --- [sboard] [restartedMain] o.s.b.d.a.OptionalLiveReloadServer       : LiveReload server is running on port 35729
2025-10-02T10:45:17.357+09:00  INFO 2824 --- [sboard] [restartedMain] o.s.b.w.embedded.tomcat.TomcatWebServer  : Tomcat started on port 8080 (http) with context path '/sboard'
2025-10-02T10:45:17.359+09:00  INFO 2824 --- [sboard] [restartedMain] kr.co.sboard.SboardApplication           : Started SboardApplication in 1.001 seconds (process running for 1442.194)
2025-10-02T10:45:17.360+09:00  INFO 2824 --- [sboard] [restartedMain] .ConditionEvaluationDeltaLoggingListener : Condition evaluation unchanged
2025-10-02T10:45:18.815+09:00  INFO 2824 --- [sboard] [File Watcher] rtingClassPathChangeChangedEventListener : Restarting due to 3 class path changes (3 additions, 0 deletions, 0 modifications)
2025-10-02T10:45:18.819+09:00  INFO 2824 --- [sboard] [Thread-21] o.s.b.w.e.tomcat.GracefulShutdown        : Commencing graceful shutdown. Waiting for active requests to complete
2025-10-02T10:45:18.824+09:00  INFO 2824 --- [sboard] [tomcat-shutdown] o.s.b.w.e.tomcat.GracefulShutdown        : Graceful shutdown complete
2025-10-02T10:45:18.828+09:00  INFO 2824 --- [sboard] [Thread-21] j.LocalContainerEntityManagerFactoryBean : Closing JPA EntityManagerFactory for persistence unit 'default'
2025-10-02T10:45:18.829+09:00  INFO 2824 --- [sboard] [Thread-21] com.zaxxer.hikari.HikariDataSource       : HikariPool-5 - Shutdown initiated...
2025-10-02T10:45:18.951+09:00  INFO 2824 --- [sboard] [Thread-21] com.zaxxer.hikari.HikariDataSource       : HikariPool-5 - Shutdown completed.
2025-10-02T10:45:19.025+09:00  INFO 2824 --- [sboard] [restartedMain] kr.co.sboard.SboardApplication           : Starting SboardApplication v0.0.5-SNAPSHOT using Java 21.0.8 with PID 2824 (C:\Users\GGG\Desktop\workspace\sboard\build\classes\java\main started by GGG in C:\Users\GGG\Desktop\workspace\sboard)
2025-10-02T10:45:19.025+09:00  INFO 2824 --- [sboard] [restartedMain] kr.co.sboard.SboardApplication           : No active profile set, falling back to 1 default profile: "default"
2025-10-02T10:45:19.225+09:00  INFO 2824 --- [sboard] [restartedMain] .s.d.r.c.RepositoryConfigurationDelegate : Bootstrapping Spring Data JPA repositories in DEFAULT mode.
2025-10-02T10:45:19.243+09:00  INFO 2824 --- [sboard] [restartedMain] .s.d.r.c.RepositoryConfigurationDelegate : Finished Spring Data repository scanning in 16 ms. Found 4 JPA repository interfaces.
2025-10-02T10:45:19.324+09:00  INFO 2824 --- [sboard] [restartedMain] o.s.b.w.embedded.tomcat.TomcatWebServer  : Tomcat initialized with port 8080 (http)
2025-10-02T10:45:19.327+09:00  INFO 2824 --- [sboard] [restartedMain] o.apache.catalina.core.StandardService   : Starting service [Tomcat]
2025-10-02T10:45:19.328+09:00  INFO 2824 --- [sboard] [restartedMain] o.apache.catalina.core.StandardEngine    : Starting Servlet engine: [Apache Tomcat/10.1.46]
2025-10-02T10:45:19.356+09:00  INFO 2824 --- [sboard] [restartedMain] o.a.c.c.C.[.[localhost].[/sboard]        : Initializing Spring embedded WebApplicationContext
2025-10-02T10:45:19.357+09:00  INFO 2824 --- [sboard] [restartedMain] w.s.c.ServletWebServerApplicationContext : Root WebApplicationContext: initialization completed in 331 ms
2025-10-02T10:45:19.383+09:00  INFO 2824 --- [sboard] [restartedMain] o.hibernate.jpa.internal.util.LogHelper  : HHH000204: Processing PersistenceUnitInfo [name: default]
2025-10-02T10:45:19.387+09:00  INFO 2824 --- [sboard] [restartedMain] o.h.c.internal.RegionFactoryInitiator    : HHH000026: Second-level cache disabled
2025-10-02T10:45:19.396+09:00  INFO 2824 --- [sboard] [restartedMain] o.s.o.j.p.SpringPersistenceUnitInfo      : No LoadTimeWeaver setup: ignoring JPA class transformer
2025-10-02T10:45:19.397+09:00  INFO 2824 --- [sboard] [restartedMain] com.zaxxer.hikari.HikariDataSource       : HikariPool-6 - Starting...
2025-10-02T10:45:19.397+09:00  WARN 2824 --- [sboard] [restartedMain] c.zaxxer.hikari.util.DriverDataSource    : Registered driver with driverClassName=oracle.jdbc.driver.OracleDriver was not found, trying direct instantiation.
2025-10-02T10:45:19.523+09:00  INFO 2824 --- [sboard] [restartedMain] com.zaxxer.hikari.pool.HikariPool        : HikariPool-6 - Added connection oracle.jdbc.driver.T4CConnection@2fae00e9
2025-10-02T10:45:19.523+09:00  INFO 2824 --- [sboard] [restartedMain] com.zaxxer.hikari.HikariDataSource       : HikariPool-6 - Start completed.
2025-10-02T10:45:19.588+09:00  INFO 2824 --- [sboard] [restartedMain] org.hibernate.orm.connections.pooling    : HHH10001005: Database info:
	Database JDBC URL [Connecting through datasource 'HikariDataSource (HikariPool-6)']
	Database driver: undefined/unknown
	Database version: 21.3
	Autocommit mode: undefined/unknown
	Isolation level: undefined/unknown
	Minimum pool size: undefined/unknown
	Maximum pool size: undefined/unknown
2025-10-02T10:45:19.643+09:00  INFO 2824 --- [sboard] [restartedMain] o.h.e.t.j.p.i.JtaPlatformInitiator       : HHH000489: No JTA platform available (set 'hibernate.transaction.jta.platform' to enable JTA platform integration)
2025-10-02T10:45:19.643+09:00  INFO 2824 --- [sboard] [restartedMain] j.LocalContainerEntityManagerFactoryBean : Initialized JPA EntityManagerFactory for persistence unit 'default'
2025-10-02T10:45:19.741+09:00  WARN 2824 --- [sboard] [restartedMain] JpaBaseConfiguration$JpaWebConfiguration : spring.jpa.open-in-view is enabled by default. Therefore, database queries may be performed during view rendering. Explicitly configure spring.jpa.open-in-view to disable this warning
2025-10-02T10:45:19.749+09:00  INFO 2824 --- [sboard] [restartedMain] r$InitializeUserDetailsManagerConfigurer : Global AuthenticationManager configured with UserDetailsService bean with name myUserDetailsService
2025-10-02T10:45:19.757+09:00  INFO 2824 --- [sboard] [restartedMain] o.s.b.a.w.s.WelcomePageHandlerMapping    : Adding welcome page template: index
2025-10-02T10:45:19.834+09:00  INFO 2824 --- [sboard] [restartedMain] o.s.b.d.a.OptionalLiveReloadServer       : LiveReload server is running on port 35729
2025-10-02T10:45:19.843+09:00  INFO 2824 --- [sboard] [restartedMain] o.s.b.w.embedded.tomcat.TomcatWebServer  : Tomcat started on port 8080 (http) with context path '/sboard'
2025-10-02T10:45:19.845+09:00  INFO 2824 --- [sboard] [restartedMain] kr.co.sboard.SboardApplication           : Started SboardApplication in 0.844 seconds (process running for 1444.679)
2025-10-02T10:45:19.846+09:00  INFO 2824 --- [sboard] [restartedMain] .ConditionEvaluationDeltaLoggingListener : Condition evaluation unchanged
2025-10-02T10:46:16.560+09:00  INFO 2824 --- [sboard] [File Watcher] rtingClassPathChangeChangedEventListener : Restarting due to 31 class path changes (0 additions, 0 deletions, 31 modifications)
2025-10-02T10:46:16.560+09:00  INFO 2824 --- [sboard] [Thread-25] o.s.b.w.e.tomcat.GracefulShutdown        : Commencing graceful shutdown. Waiting for active requests to complete
2025-10-02T10:46:16.560+09:00  INFO 2824 --- [sboard] [tomcat-shutdown] o.s.b.w.e.tomcat.GracefulShutdown        : Graceful shutdown complete
2025-10-02T10:46:16.560+09:00  INFO 2824 --- [sboard] [Thread-25] j.LocalContainerEntityManagerFactoryBean : Closing JPA EntityManagerFactory for persistence unit 'default'
2025-10-02T10:46:16.560+09:00  INFO 2824 --- [sboard] [Thread-25] com.zaxxer.hikari.HikariDataSource       : HikariPool-6 - Shutdown initiated...
2025-10-02T10:46:16.680+09:00  INFO 2824 --- [sboard] [Thread-25] com.zaxxer.hikari.HikariDataSource       : HikariPool-6 - Shutdown completed.
2025-10-02T10:46:16.750+09:00  INFO 2824 --- [sboard] [restartedMain] kr.co.sboard.SboardApplication           : Starting SboardApplication v0.0.5-SNAPSHOT using Java 21.0.8 with PID 2824 (C:\Users\GGG\Desktop\workspace\sboard\build\classes\java\main started by GGG in C:\Users\GGG\Desktop\workspace\sboard)
2025-10-02T10:46:16.750+09:00  INFO 2824 --- [sboard] [restartedMain] kr.co.sboard.SboardApplication           : No active profile set, falling back to 1 default profile: "default"
2025-10-02T10:46:16.966+09:00  INFO 2824 --- [sboard] [restartedMain] .s.d.r.c.RepositoryConfigurationDelegate : Bootstrapping Spring Data JPA repositories in DEFAULT mode.
2025-10-02T10:46:16.986+09:00  INFO 2824 --- [sboard] [restartedMain] .s.d.r.c.RepositoryConfigurationDelegate : Finished Spring Data repository scanning in 19 ms. Found 4 JPA repository interfaces.
2025-10-02T10:46:17.070+09:00  INFO 2824 --- [sboard] [restartedMain] o.s.b.w.embedded.tomcat.TomcatWebServer  : Tomcat initialized with port 8080 (http)
2025-10-02T10:46:17.080+09:00  INFO 2824 --- [sboard] [restartedMain] o.apache.catalina.core.StandardService   : Starting service [Tomcat]
2025-10-02T10:46:17.080+09:00  INFO 2824 --- [sboard] [restartedMain] o.apache.catalina.core.StandardEngine    : Starting Servlet engine: [Apache Tomcat/10.1.46]
2025-10-02T10:46:17.110+09:00  INFO 2824 --- [sboard] [restartedMain] o.a.c.c.C.[.[localhost].[/sboard]        : Initializing Spring embedded WebApplicationContext
2025-10-02T10:46:17.110+09:00  INFO 2824 --- [sboard] [restartedMain] w.s.c.ServletWebServerApplicationContext : Root WebApplicationContext: initialization completed in 360 ms
2025-10-02T10:46:17.140+09:00  INFO 2824 --- [sboard] [restartedMain] o.hibernate.jpa.internal.util.LogHelper  : HHH000204: Processing PersistenceUnitInfo [name: default]
2025-10-02T10:46:17.140+09:00  INFO 2824 --- [sboard] [restartedMain] o.h.c.internal.RegionFactoryInitiator    : HHH000026: Second-level cache disabled
2025-10-02T10:46:17.150+09:00  INFO 2824 --- [sboard] [restartedMain] o.s.o.j.p.SpringPersistenceUnitInfo      : No LoadTimeWeaver setup: ignoring JPA class transformer
2025-10-02T10:46:17.150+09:00  INFO 2824 --- [sboard] [restartedMain] com.zaxxer.hikari.HikariDataSource       : HikariPool-7 - Starting...
2025-10-02T10:46:17.150+09:00  WARN 2824 --- [sboard] [restartedMain] c.zaxxer.hikari.util.DriverDataSource    : Registered driver with driverClassName=oracle.jdbc.driver.OracleDriver was not found, trying direct instantiation.
2025-10-02T10:46:17.325+09:00  INFO 2824 --- [sboard] [restartedMain] com.zaxxer.hikari.pool.HikariPool        : HikariPool-7 - Added connection oracle.jdbc.driver.T4CConnection@2e53de07
2025-10-02T10:46:17.326+09:00  INFO 2824 --- [sboard] [restartedMain] com.zaxxer.hikari.HikariDataSource       : HikariPool-7 - Start completed.
2025-10-02T10:46:17.405+09:00  INFO 2824 --- [sboard] [restartedMain] org.hibernate.orm.connections.pooling    : HHH10001005: Database info:
	Database JDBC URL [Connecting through datasource 'HikariDataSource (HikariPool-7)']
	Database driver: undefined/unknown
	Database version: 21.3
	Autocommit mode: undefined/unknown
	Isolation level: undefined/unknown
	Minimum pool size: undefined/unknown
	Maximum pool size: undefined/unknown
2025-10-02T10:46:17.488+09:00  INFO 2824 --- [sboard] [restartedMain] o.h.e.t.j.p.i.JtaPlatformInitiator       : HHH000489: No JTA platform available (set 'hibernate.transaction.jta.platform' to enable JTA platform integration)
2025-10-02T10:46:17.488+09:00  INFO 2824 --- [sboard] [restartedMain] j.LocalContainerEntityManagerFactoryBean : Initialized JPA EntityManagerFactory for persistence unit 'default'
2025-10-02T10:46:17.654+09:00  WARN 2824 --- [sboard] [restartedMain] JpaBaseConfiguration$JpaWebConfiguration : spring.jpa.open-in-view is enabled by default. Therefore, database queries may be performed during view rendering. Explicitly configure spring.jpa.open-in-view to disable this warning
2025-10-02T10:46:17.667+09:00  INFO 2824 --- [sboard] [restartedMain] r$InitializeUserDetailsManagerConfigurer : Global AuthenticationManager configured with UserDetailsService bean with name myUserDetailsService
2025-10-02T10:46:17.682+09:00  INFO 2824 --- [sboard] [restartedMain] o.s.b.a.w.s.WelcomePageHandlerMapping    : Adding welcome page template: index
2025-10-02T10:46:17.775+09:00  INFO 2824 --- [sboard] [restartedMain] o.s.b.d.a.OptionalLiveReloadServer       : LiveReload server is running on port 35729
2025-10-02T10:46:17.786+09:00  INFO 2824 --- [sboard] [restartedMain] o.s.b.w.embedded.tomcat.TomcatWebServer  : Tomcat started on port 8080 (http) with context path '/sboard'
2025-10-02T10:46:17.789+09:00  INFO 2824 --- [sboard] [restartedMain] kr.co.sboard.SboardApplication           : Started SboardApplication in 1.061 seconds (process running for 1502.624)
2025-10-02T10:46:17.790+09:00  INFO 2824 --- [sboard] [restartedMain] .ConditionEvaluationDeltaLoggingListener : Condition evaluation unchanged
2025-10-02T10:46:25.105+09:00  INFO 13432 --- [sboard] [Test worker] kr.co.sboard.mapper.ArticleMapperTest    : Starting ArticleMapperTest v0.0.5-SNAPSHOT using Java 21.0.8 with PID 13432 (started by GGG in C:\Users\GGG\Desktop\workspace\sboard)
2025-10-02T10:46:25.107+09:00  INFO 13432 --- [sboard] [Test worker] kr.co.sboard.mapper.ArticleMapperTest    : No active profile set, falling back to 1 default profile: "default"
2025-10-02T10:46:26.026+09:00  INFO 13432 --- [sboard] [Test worker] .s.d.r.c.RepositoryConfigurationDelegate : Bootstrapping Spring Data JPA repositories in DEFAULT mode.
2025-10-02T10:46:26.110+09:00  INFO 13432 --- [sboard] [Test worker] .s.d.r.c.RepositoryConfigurationDelegate : Finished Spring Data repository scanning in 70 ms. Found 4 JPA repository interfaces.
2025-10-02T10:46:26.968+09:00  INFO 13432 --- [sboard] [Test worker] o.hibernate.jpa.internal.util.LogHelper  : HHH000204: Processing PersistenceUnitInfo [name: default]
2025-10-02T10:46:27.056+09:00  INFO 13432 --- [sboard] [Test worker] org.hibernate.Version                    : HHH000412: Hibernate ORM core version 6.6.29.Final
2025-10-02T10:46:27.103+09:00  INFO 13432 --- [sboard] [Test worker] o.h.c.internal.RegionFactoryInitiator    : HHH000026: Second-level cache disabled
2025-10-02T10:46:27.514+09:00  INFO 13432 --- [sboard] [Test worker] o.s.o.j.p.SpringPersistenceUnitInfo      : No LoadTimeWeaver setup: ignoring JPA class transformer
2025-10-02T10:46:27.551+09:00  INFO 13432 --- [sboard] [Test worker] com.zaxxer.hikari.HikariDataSource       : HikariPool-1 - Starting...
2025-10-02T10:46:27.559+09:00  WARN 13432 --- [sboard] [Test worker] c.zaxxer.hikari.util.DriverDataSource    : Registered driver with driverClassName=oracle.jdbc.driver.OracleDriver was not found, trying direct instantiation.
2025-10-02T10:46:28.034+09:00  INFO 13432 --- [sboard] [Test worker] com.zaxxer.hikari.pool.HikariPool        : HikariPool-1 - Added connection oracle.jdbc.driver.T4CConnection@10e8c7a2
2025-10-02T10:46:28.036+09:00  INFO 13432 --- [sboard] [Test worker] com.zaxxer.hikari.HikariDataSource       : HikariPool-1 - Start completed.
2025-10-02T10:46:28.411+09:00  INFO 13432 --- [sboard] [Test worker] org.hibernate.orm.connections.pooling    : HHH10001005: Database info:
	Database JDBC URL [Connecting through datasource 'HikariDataSource (HikariPool-1)']
	Database driver: undefined/unknown
	Database version: 21.3
	Autocommit mode: undefined/unknown
	Isolation level: undefined/unknown
	Minimum pool size: undefined/unknown
	Maximum pool size: undefined/unknown
2025-10-02T10:46:29.406+09:00  INFO 13432 --- [sboard] [Test worker] o.h.e.t.j.p.i.JtaPlatformInitiator       : HHH000489: No JTA platform available (set 'hibernate.transaction.jta.platform' to enable JTA platform integration)
2025-10-02T10:46:29.410+09:00  INFO 13432 --- [sboard] [Test worker] j.LocalContainerEntityManagerFactoryBean : Initialized JPA EntityManagerFactory for persistence unit 'default'
2025-10-02T10:46:30.220+09:00  WARN 13432 --- [sboard] [Test worker] JpaBaseConfiguration$JpaWebConfiguration : spring.jpa.open-in-view is enabled by default. Therefore, database queries may be performed during view rendering. Explicitly configure spring.jpa.open-in-view to disable this warning
2025-10-02T10:46:30.270+09:00  INFO 13432 --- [sboard] [Test worker] r$InitializeUserDetailsManagerConfigurer : Global AuthenticationManager configured with UserDetailsService bean with name myUserDetailsService
2025-10-02T10:46:30.412+09:00  INFO 13432 --- [sboard] [Test worker] o.s.b.a.w.s.WelcomePageHandlerMapping    : Adding welcome page template: index
2025-10-02T10:46:31.041+09:00  INFO 13432 --- [sboard] [Test worker] kr.co.sboard.mapper.ArticleMapperTest    : Started ArticleMapperTest in 6.348 seconds (process running for 7.718)
2025-10-02T10:46:31.700+09:00  INFO 13432 --- [sboard] [SpringApplicationShutdownHook] j.LocalContainerEntityManagerFactoryBean : Closing JPA EntityManagerFactory for persistence unit 'default'
2025-10-02T10:46:31.703+09:00  INFO 13432 --- [sboard] [SpringApplicationShutdownHook] com.zaxxer.hikari.HikariDataSource       : HikariPool-1 - Shutdown initiated...
2025-10-02T10:46:31.809+09:00  INFO 13432 --- [sboard] [SpringApplicationShutdownHook] com.zaxxer.hikari.HikariDataSource       : HikariPool-1 - Shutdown completed.
2025-10-02T10:47:01.288+09:00  INFO 2824 --- [sboard] [SpringApplicationShutdownHook] o.s.b.w.e.tomcat.GracefulShutdown        : Commencing graceful shutdown. Waiting for active requests to complete
2025-10-02T10:47:01.292+09:00  INFO 2824 --- [sboard] [tomcat-shutdown] o.s.b.w.e.tomcat.GracefulShutdown        : Graceful shutdown complete
2025-10-02T10:47:01.294+09:00  INFO 2824 --- [sboard] [SpringApplicationShutdownHook] j.LocalContainerEntityManagerFactoryBean : Closing JPA EntityManagerFactory for persistence unit 'default'
2025-10-02T10:47:01.294+09:00  INFO 2824 --- [sboard] [SpringApplicationShutdownHook] com.zaxxer.hikari.HikariDataSource       : HikariPool-7 - Shutdown initiated...
2025-10-02T10:47:01.392+09:00  INFO 2824 --- [sboard] [SpringApplicationShutdownHook] com.zaxxer.hikari.HikariDataSource       : HikariPool-7 - Shutdown completed.
2025-10-02T10:47:03.859+09:00  INFO 7632 --- [sboard] [restartedMain] kr.co.sboard.SboardApplication           : Starting SboardApplication v0.0.5-SNAPSHOT using Java 21.0.8 with PID 7632 (C:\Users\GGG\Desktop\workspace\sboard\build\classes\java\main started by GGG in C:\Users\GGG\Desktop\workspace\sboard)
2025-10-02T10:47:03.861+09:00  INFO 7632 --- [sboard] [restartedMain] kr.co.sboard.SboardApplication           : No active profile set, falling back to 1 default profile: "default"
2025-10-02T10:47:03.903+09:00  INFO 7632 --- [sboard] [restartedMain] o.s.b.devtools.restart.ChangeableUrls    : The Class-Path manifest attribute in C:\Users\GGG\.gradle\caches\modules-2\files-2.1\com.oracle.database.jdbc\ojdbc11\23.7.0.25.01\665f52abef9122ce003b5cfc1d9d44f7302e2cfe\ojdbc11-23.7.0.25.01.jar referenced one or more files that do not exist: file:/C:/Users/GGG/.gradle/caches/modules-2/files-2.1/com.oracle.database.jdbc/ojdbc11/23.7.0.25.01/665f52abef9122ce003b5cfc1d9d44f7302e2cfe/oraclepki.jar
2025-10-02T10:47:03.903+09:00  INFO 7632 --- [sboard] [restartedMain] .e.DevToolsPropertyDefaultsPostProcessor : Devtools property defaults active! Set 'spring.devtools.add-properties' to 'false' to disable
2025-10-02T10:47:03.904+09:00  INFO 7632 --- [sboard] [restartedMain] .e.DevToolsPropertyDefaultsPostProcessor : For additional web related logging consider setting the 'logging.level.web' property to 'DEBUG'
2025-10-02T10:47:04.598+09:00  INFO 7632 --- [sboard] [restartedMain] .s.d.r.c.RepositoryConfigurationDelegate : Bootstrapping Spring Data JPA repositories in DEFAULT mode.
2025-10-02T10:47:04.658+09:00  INFO 7632 --- [sboard] [restartedMain] .s.d.r.c.RepositoryConfigurationDelegate : Finished Spring Data repository scanning in 50 ms. Found 4 JPA repository interfaces.
2025-10-02T10:47:05.210+09:00  INFO 7632 --- [sboard] [restartedMain] o.s.b.w.embedded.tomcat.TomcatWebServer  : Tomcat initialized with port 8080 (http)
2025-10-02T10:47:05.222+09:00  INFO 7632 --- [sboard] [restartedMain] o.apache.catalina.core.StandardService   : Starting service [Tomcat]
2025-10-02T10:47:05.222+09:00  INFO 7632 --- [sboard] [restartedMain] o.apache.catalina.core.StandardEngine    : Starting Servlet engine: [Apache Tomcat/10.1.46]
2025-10-02T10:47:05.264+09:00  INFO 7632 --- [sboard] [restartedMain] o.a.c.c.C.[.[localhost].[/sboard]        : Initializing Spring embedded WebApplicationContext
2025-10-02T10:47:05.265+09:00  INFO 7632 --- [sboard] [restartedMain] w.s.c.ServletWebServerApplicationContext : Root WebApplicationContext: initialization completed in 1361 ms
2025-10-02T10:47:05.462+09:00  INFO 7632 --- [sboard] [restartedMain] o.hibernate.jpa.internal.util.LogHelper  : HHH000204: Processing PersistenceUnitInfo [name: default]
2025-10-02T10:47:05.520+09:00  INFO 7632 --- [sboard] [restartedMain] org.hibernate.Version                    : HHH000412: Hibernate ORM core version 6.6.29.Final
2025-10-02T10:47:05.553+09:00  INFO 7632 --- [sboard] [restartedMain] o.h.c.internal.RegionFactoryInitiator    : HHH000026: Second-level cache disabled
2025-10-02T10:47:05.843+09:00  INFO 7632 --- [sboard] [restartedMain] o.s.o.j.p.SpringPersistenceUnitInfo      : No LoadTimeWeaver setup: ignoring JPA class transformer
2025-10-02T10:47:05.873+09:00  INFO 7632 --- [sboard] [restartedMain] com.zaxxer.hikari.HikariDataSource       : HikariPool-1 - Starting...
2025-10-02T10:47:05.879+09:00  WARN 7632 --- [sboard] [restartedMain] c.zaxxer.hikari.util.DriverDataSource    : Registered driver with driverClassName=oracle.jdbc.driver.OracleDriver was not found, trying direct instantiation.
2025-10-02T10:47:06.304+09:00  INFO 7632 --- [sboard] [restartedMain] com.zaxxer.hikari.pool.HikariPool        : HikariPool-1 - Added connection oracle.jdbc.driver.T4CConnection@1f0f84a4
2025-10-02T10:47:06.305+09:00  INFO 7632 --- [sboard] [restartedMain] com.zaxxer.hikari.HikariDataSource       : HikariPool-1 - Start completed.
2025-10-02T10:47:06.638+09:00  INFO 7632 --- [sboard] [restartedMain] org.hibernate.orm.connections.pooling    : HHH10001005: Database info:
	Database JDBC URL [Connecting through datasource 'HikariDataSource (HikariPool-1)']
	Database driver: undefined/unknown
	Database version: 21.3
	Autocommit mode: undefined/unknown
	Isolation level: undefined/unknown
	Minimum pool size: undefined/unknown
	Maximum pool size: undefined/unknown
2025-10-02T10:47:07.533+09:00  INFO 7632 --- [sboard] [restartedMain] o.h.e.t.j.p.i.JtaPlatformInitiator       : HHH000489: No JTA platform available (set 'hibernate.transaction.jta.platform' to enable JTA platform integration)
2025-10-02T10:47:07.536+09:00  INFO 7632 --- [sboard] [restartedMain] j.LocalContainerEntityManagerFactoryBean : Initialized JPA EntityManagerFactory for persistence unit 'default'
2025-10-02T10:47:08.107+09:00  WARN 7632 --- [sboard] [restartedMain] JpaBaseConfiguration$JpaWebConfiguration : spring.jpa.open-in-view is enabled by default. Therefore, database queries may be performed during view rendering. Explicitly configure spring.jpa.open-in-view to disable this warning
2025-10-02T10:47:08.141+09:00  INFO 7632 --- [sboard] [restartedMain] r$InitializeUserDetailsManagerConfigurer : Global AuthenticationManager configured with UserDetailsService bean with name myUserDetailsService
2025-10-02T10:47:08.224+09:00  INFO 7632 --- [sboard] [restartedMain] o.s.b.a.w.s.WelcomePageHandlerMapping    : Adding welcome page template: index
2025-10-02T10:47:08.579+09:00  INFO 7632 --- [sboard] [restartedMain] o.s.b.d.a.OptionalLiveReloadServer       : LiveReload server is running on port 35729
2025-10-02T10:47:08.611+09:00  INFO 7632 --- [sboard] [restartedMain] o.s.b.w.embedded.tomcat.TomcatWebServer  : Tomcat started on port 8080 (http) with context path '/sboard'
2025-10-02T10:47:08.617+09:00  INFO 7632 --- [sboard] [restartedMain] kr.co.sboard.SboardApplication           : Started SboardApplication in 5.255 seconds (process running for 5.883)
2025-10-02T10:47:23.103+09:00  INFO 7632 --- [sboard] [http-nio-8080-exec-3] o.a.c.c.C.[.[localhost].[/sboard]        : Initializing Spring DispatcherServlet 'dispatcherServlet'
2025-10-02T10:47:23.104+09:00  INFO 7632 --- [sboard] [http-nio-8080-exec-3] o.s.web.servlet.DispatcherServlet        : Initializing Servlet 'dispatcherServlet'
2025-10-02T10:47:23.105+09:00  INFO 7632 --- [sboard] [http-nio-8080-exec-3] o.s.web.servlet.DispatcherServlet        : Completed initialization in 1 ms
2025-10-02T10:47:24.763+09:00  WARN 7632 --- [sboard] [http-nio-8080-exec-6] actStandardFragmentInsertionTagProcessor : [THYMELEAF][http-nio-8080-exec-6][user/login] Deprecated unwrapped fragment expression "user/_head.html" found in template user/login, line 1, col 6. Please use the complete syntax of fragment expressions instead ("~{user/_head.html}"). The old, unwrapped syntax for fragment expressions will be removed in future versions of Thymeleaf.
2025-10-02T10:47:24.812+09:00  WARN 7632 --- [sboard] [http-nio-8080-exec-6] actStandardFragmentInsertionTagProcessor : [THYMELEAF][http-nio-8080-exec-6][user/login] Deprecated unwrapped fragment expression "user/_tail.html" found in template user/login, line 31, col 6. Please use the complete syntax of fragment expressions instead ("~{user/_tail.html}"). The old, unwrapped syntax for fragment expressions will be removed in future versions of Thymeleaf.
2025-10-02T10:47:38.769+09:00  INFO 7632 --- [sboard] [http-nio-8080-exec-1] k.c.sboard.controller.ArticleController  : pageRequestDTO = PageRequestDTO(no=1, pg=1, size=10, cate=free, searchType=title, keyword=, offset=0)
2025-10-02T10:47:50.487+09:00  INFO 7632 --- [sboard] [http-nio-8080-exec-2] k.c.sboard.controller.ArticleController  : pageRequestDTO = PageRequestDTO(no=1, pg=1, size=10, cate=free, searchType=writer, keyword=, offset=0)
2025-10-02T10:52:33.520+09:00  INFO 7632 --- [sboard] [File Watcher] rtingClassPathChangeChangedEventListener : Restarting due to 2 class path changes (0 additions, 2 deletions, 0 modifications)
2025-10-02T10:52:33.524+09:00  INFO 7632 --- [sboard] [Thread-7] o.s.b.w.e.tomcat.GracefulShutdown        : Commencing graceful shutdown. Waiting for active requests to complete
2025-10-02T10:52:33.529+09:00  INFO 7632 --- [sboard] [tomcat-shutdown] o.s.b.w.e.tomcat.GracefulShutdown        : Graceful shutdown complete
2025-10-02T10:52:33.533+09:00  INFO 7632 --- [sboard] [Thread-7] j.LocalContainerEntityManagerFactoryBean : Closing JPA EntityManagerFactory for persistence unit 'default'
2025-10-02T10:52:33.536+09:00  INFO 7632 --- [sboard] [Thread-7] com.zaxxer.hikari.HikariDataSource       : HikariPool-1 - Shutdown initiated...
2025-10-02T10:52:33.648+09:00  INFO 7632 --- [sboard] [Thread-7] com.zaxxer.hikari.HikariDataSource       : HikariPool-1 - Shutdown completed.
2025-10-02T10:52:33.752+09:00  INFO 7632 --- [sboard] [restartedMain] kr.co.sboard.SboardApplication           : Starting SboardApplication v0.0.5-SNAPSHOT using Java 21.0.8 with PID 7632 (C:\Users\GGG\Desktop\workspace\sboard\build\classes\java\main started by GGG in C:\Users\GGG\Desktop\workspace\sboard)
2025-10-02T10:52:33.752+09:00  INFO 7632 --- [sboard] [restartedMain] kr.co.sboard.SboardApplication           : No active profile set, falling back to 1 default profile: "default"
2025-10-02T10:52:34.041+09:00  INFO 7632 --- [sboard] [restartedMain] .s.d.r.c.RepositoryConfigurationDelegate : Bootstrapping Spring Data JPA repositories in DEFAULT mode.
2025-10-02T10:52:34.061+09:00  INFO 7632 --- [sboard] [restartedMain] .s.d.r.c.RepositoryConfigurationDelegate : Finished Spring Data repository scanning in 18 ms. Found 4 JPA repository interfaces.
2025-10-02T10:52:34.180+09:00  INFO 7632 --- [sboard] [restartedMain] o.s.b.w.embedded.tomcat.TomcatWebServer  : Tomcat initialized with port 8080 (http)
2025-10-02T10:52:34.182+09:00  INFO 7632 --- [sboard] [restartedMain] o.apache.catalina.core.StandardService   : Starting service [Tomcat]
2025-10-02T10:52:34.182+09:00  INFO 7632 --- [sboard] [restartedMain] o.apache.catalina.core.StandardEngine    : Starting Servlet engine: [Apache Tomcat/10.1.46]
2025-10-02T10:52:34.205+09:00  INFO 7632 --- [sboard] [restartedMain] o.a.c.c.C.[.[localhost].[/sboard]        : Initializing Spring embedded WebApplicationContext
2025-10-02T10:52:34.206+09:00  INFO 7632 --- [sboard] [restartedMain] w.s.c.ServletWebServerApplicationContext : Root WebApplicationContext: initialization completed in 452 ms
2025-10-02T10:52:34.219+09:00  WARN 7632 --- [sboard] [restartedMain] o.a.c.c.C.[.[localhost].[/sboard]        : Cannot deserialize session attribute [SPRING_SECURITY_CONTEXT] for session [FAFD825598463B4DDD4E20FA9F949B8B]
2025-10-02T10:52:34.247+09:00  INFO 7632 --- [sboard] [restartedMain] o.hibernate.jpa.internal.util.LogHelper  : HHH000204: Processing PersistenceUnitInfo [name: default]
2025-10-02T10:52:34.251+09:00  INFO 7632 --- [sboard] [restartedMain] o.h.c.internal.RegionFactoryInitiator    : HHH000026: Second-level cache disabled
2025-10-02T10:52:34.262+09:00  INFO 7632 --- [sboard] [restartedMain] o.s.o.j.p.SpringPersistenceUnitInfo      : No LoadTimeWeaver setup: ignoring JPA class transformer
2025-10-02T10:52:34.263+09:00  INFO 7632 --- [sboard] [restartedMain] com.zaxxer.hikari.HikariDataSource       : HikariPool-2 - Starting...
2025-10-02T10:52:34.263+09:00  WARN 7632 --- [sboard] [restartedMain] c.zaxxer.hikari.util.DriverDataSource    : Registered driver with driverClassName=oracle.jdbc.driver.OracleDriver was not found, trying direct instantiation.
2025-10-02T10:52:34.395+09:00  INFO 7632 --- [sboard] [restartedMain] com.zaxxer.hikari.pool.HikariPool        : HikariPool-2 - Added connection oracle.jdbc.driver.T4CConnection@1b20f86f
2025-10-02T10:52:34.396+09:00  INFO 7632 --- [sboard] [restartedMain] com.zaxxer.hikari.HikariDataSource       : HikariPool-2 - Start completed.
2025-10-02T10:52:34.464+09:00  INFO 7632 --- [sboard] [restartedMain] org.hibernate.orm.connections.pooling    : HHH10001005: Database info:
	Database JDBC URL [Connecting through datasource 'HikariDataSource (HikariPool-2)']
	Database driver: undefined/unknown
	Database version: 21.3
	Autocommit mode: undefined/unknown
	Isolation level: undefined/unknown
	Minimum pool size: undefined/unknown
	Maximum pool size: undefined/unknown
2025-10-02T10:52:34.542+09:00  INFO 7632 --- [sboard] [restartedMain] o.h.e.t.j.p.i.JtaPlatformInitiator       : HHH000489: No JTA platform available (set 'hibernate.transaction.jta.platform' to enable JTA platform integration)
2025-10-02T10:52:34.543+09:00  INFO 7632 --- [sboard] [restartedMain] j.LocalContainerEntityManagerFactoryBean : Initialized JPA EntityManagerFactory for persistence unit 'default'
2025-10-02T10:52:34.685+09:00  WARN 7632 --- [sboard] [restartedMain] JpaBaseConfiguration$JpaWebConfiguration : spring.jpa.open-in-view is enabled by default. Therefore, database queries may be performed during view rendering. Explicitly configure spring.jpa.open-in-view to disable this warning
2025-10-02T10:52:34.695+09:00  INFO 7632 --- [sboard] [restartedMain] r$InitializeUserDetailsManagerConfigurer : Global AuthenticationManager configured with UserDetailsService bean with name myUserDetailsService
2025-10-02T10:52:34.707+09:00  INFO 7632 --- [sboard] [restartedMain] o.s.b.a.w.s.WelcomePageHandlerMapping    : Adding welcome page template: index
2025-10-02T10:52:34.831+09:00  INFO 7632 --- [sboard] [restartedMain] o.s.b.d.a.OptionalLiveReloadServer       : LiveReload server is running on port 35729
2025-10-02T10:52:34.843+09:00  INFO 7632 --- [sboard] [restartedMain] o.s.b.w.embedded.tomcat.TomcatWebServer  : Tomcat started on port 8080 (http) with context path '/sboard'
2025-10-02T10:52:34.846+09:00  INFO 7632 --- [sboard] [restartedMain] kr.co.sboard.SboardApplication           : Started SboardApplication in 1.13 seconds (process running for 332.112)
2025-10-02T10:52:34.847+09:00  INFO 7632 --- [sboard] [restartedMain] .ConditionEvaluationDeltaLoggingListener : Condition evaluation unchanged
2025-10-02T10:52:36.273+09:00  INFO 7632 --- [sboard] [File Watcher] rtingClassPathChangeChangedEventListener : Restarting due to 2 class path changes (2 additions, 0 deletions, 0 modifications)
2025-10-02T10:52:36.274+09:00  INFO 7632 --- [sboard] [Thread-9] o.s.b.w.e.tomcat.GracefulShutdown        : Commencing graceful shutdown. Waiting for active requests to complete
2025-10-02T10:52:36.278+09:00  INFO 7632 --- [sboard] [tomcat-shutdown] o.s.b.w.e.tomcat.GracefulShutdown        : Graceful shutdown complete
2025-10-02T10:52:36.281+09:00  INFO 7632 --- [sboard] [Thread-9] j.LocalContainerEntityManagerFactoryBean : Closing JPA EntityManagerFactory for persistence unit 'default'
2025-10-02T10:52:36.281+09:00  INFO 7632 --- [sboard] [Thread-9] com.zaxxer.hikari.HikariDataSource       : HikariPool-2 - Shutdown initiated...
2025-10-02T10:52:36.380+09:00  INFO 7632 --- [sboard] [Thread-9] com.zaxxer.hikari.HikariDataSource       : HikariPool-2 - Shutdown completed.
2025-10-02T10:52:36.462+09:00  INFO 7632 --- [sboard] [restartedMain] kr.co.sboard.SboardApplication           : Starting SboardApplication v0.0.5-SNAPSHOT using Java 21.0.8 with PID 7632 (C:\Users\GGG\Desktop\workspace\sboard\build\classes\java\main started by GGG in C:\Users\GGG\Desktop\workspace\sboard)
2025-10-02T10:52:36.462+09:00  INFO 7632 --- [sboard] [restartedMain] kr.co.sboard.SboardApplication           : No active profile set, falling back to 1 default profile: "default"
2025-10-02T10:52:36.671+09:00  INFO 7632 --- [sboard] [restartedMain] .s.d.r.c.RepositoryConfigurationDelegate : Bootstrapping Spring Data JPA repositories in DEFAULT mode.
2025-10-02T10:52:36.690+09:00  INFO 7632 --- [sboard] [restartedMain] .s.d.r.c.RepositoryConfigurationDelegate : Finished Spring Data repository scanning in 17 ms. Found 4 JPA repository interfaces.
2025-10-02T10:52:36.777+09:00  INFO 7632 --- [sboard] [restartedMain] o.s.b.w.embedded.tomcat.TomcatWebServer  : Tomcat initialized with port 8080 (http)
2025-10-02T10:52:36.777+09:00  INFO 7632 --- [sboard] [restartedMain] o.apache.catalina.core.StandardService   : Starting service [Tomcat]
2025-10-02T10:52:36.777+09:00  INFO 7632 --- [sboard] [restartedMain] o.apache.catalina.core.StandardEngine    : Starting Servlet engine: [Apache Tomcat/10.1.46]
2025-10-02T10:52:36.798+09:00  INFO 7632 --- [sboard] [restartedMain] o.a.c.c.C.[.[localhost].[/sboard]        : Initializing Spring embedded WebApplicationContext
2025-10-02T10:52:36.798+09:00  INFO 7632 --- [sboard] [restartedMain] w.s.c.ServletWebServerApplicationContext : Root WebApplicationContext: initialization completed in 335 ms
2025-10-02T10:52:36.824+09:00  INFO 7632 --- [sboard] [restartedMain] o.hibernate.jpa.internal.util.LogHelper  : HHH000204: Processing PersistenceUnitInfo [name: default]
2025-10-02T10:52:36.828+09:00  INFO 7632 --- [sboard] [restartedMain] o.h.c.internal.RegionFactoryInitiator    : HHH000026: Second-level cache disabled
2025-10-02T10:52:36.836+09:00  INFO 7632 --- [sboard] [restartedMain] o.s.o.j.p.SpringPersistenceUnitInfo      : No LoadTimeWeaver setup: ignoring JPA class transformer
2025-10-02T10:52:36.837+09:00  INFO 7632 --- [sboard] [restartedMain] com.zaxxer.hikari.HikariDataSource       : HikariPool-3 - Starting...
2025-10-02T10:52:36.838+09:00  WARN 7632 --- [sboard] [restartedMain] c.zaxxer.hikari.util.DriverDataSource    : Registered driver with driverClassName=oracle.jdbc.driver.OracleDriver was not found, trying direct instantiation.
2025-10-02T10:52:36.967+09:00  INFO 7632 --- [sboard] [restartedMain] com.zaxxer.hikari.pool.HikariPool        : HikariPool-3 - Added connection oracle.jdbc.driver.T4CConnection@3de0a740
2025-10-02T10:52:36.967+09:00  INFO 7632 --- [sboard] [restartedMain] com.zaxxer.hikari.HikariDataSource       : HikariPool-3 - Start completed.
2025-10-02T10:52:37.034+09:00  INFO 7632 --- [sboard] [restartedMain] org.hibernate.orm.connections.pooling    : HHH10001005: Database info:
	Database JDBC URL [Connecting through datasource 'HikariDataSource (HikariPool-3)']
	Database driver: undefined/unknown
	Database version: 21.3
	Autocommit mode: undefined/unknown
	Isolation level: undefined/unknown
	Minimum pool size: undefined/unknown
	Maximum pool size: undefined/unknown
2025-10-02T10:52:37.096+09:00  INFO 7632 --- [sboard] [restartedMain] o.h.e.t.j.p.i.JtaPlatformInitiator       : HHH000489: No JTA platform available (set 'hibernate.transaction.jta.platform' to enable JTA platform integration)
2025-10-02T10:52:37.096+09:00  INFO 7632 --- [sboard] [restartedMain] j.LocalContainerEntityManagerFactoryBean : Initialized JPA EntityManagerFactory for persistence unit 'default'
2025-10-02T10:52:37.216+09:00  WARN 7632 --- [sboard] [restartedMain] JpaBaseConfiguration$JpaWebConfiguration : spring.jpa.open-in-view is enabled by default. Therefore, database queries may be performed during view rendering. Explicitly configure spring.jpa.open-in-view to disable this warning
2025-10-02T10:52:37.224+09:00  INFO 7632 --- [sboard] [restartedMain] r$InitializeUserDetailsManagerConfigurer : Global AuthenticationManager configured with UserDetailsService bean with name myUserDetailsService
2025-10-02T10:52:37.231+09:00  INFO 7632 --- [sboard] [restartedMain] o.s.b.a.w.s.WelcomePageHandlerMapping    : Adding welcome page template: index
2025-10-02T10:52:37.311+09:00  INFO 7632 --- [sboard] [restartedMain] o.s.b.d.a.OptionalLiveReloadServer       : LiveReload server is running on port 35729
2025-10-02T10:52:37.324+09:00  INFO 7632 --- [sboard] [restartedMain] o.s.b.w.embedded.tomcat.TomcatWebServer  : Tomcat started on port 8080 (http) with context path '/sboard'
2025-10-02T10:52:37.327+09:00  INFO 7632 --- [sboard] [restartedMain] kr.co.sboard.SboardApplication           : Started SboardApplication in 0.897 seconds (process running for 334.593)
2025-10-02T10:52:37.328+09:00  INFO 7632 --- [sboard] [restartedMain] .ConditionEvaluationDeltaLoggingListener : Condition evaluation unchanged
